[0m[[0m[0mdebug[0m] [0m[0m> Exec(;Test/compile; collectAnalyses, None, Some(CommandSource(network-1)))[0m
[0m[[0m[0mdebug[0m] [0m[0munmatched Processing event for requestId None: None[0m
[0m[[0m[0mdebug[0m] [0m[0munmatched Done event for requestId None: None[0m
[0m[[0m[0mdebug[0m] [0m[0m> Exec(Test/compile, None, Some(CommandSource(network-1)))[0m
[0m[[0m[0mdebug[0m] [0m[0munmatched Processing event for requestId None: None[0m
[0m[[0m[0mdebug[0m] [0m[0mEvaluating tasks: Test / compile[0m
[0m[[0m[0mdebug[0m] [0m[0mRunning task... Cancel: bloop.integrations.sbt.Offloader$$anon$1@289da1bc, check cycles: false, forcegc: true[0m
[0m[[0m[0mdebug[0m] [0m[0mjsonRpcNotify: JsonRpcNotificationMessage(2.0, build/taskStart, {"taskId":{"id":"43","parents":[]},"eventTime":1623248654747,"message":"Compiling scala-project","dataKind":"compile-task","data":{"target":{"uri":"file:/C:/Users/ahmed/git/BST_C-_JavaScript_Scala/MainProjects/scala-project/#scala-project/Compile"}}})[0m
[0m[[0m[0minfo[0m] [0m[0mcompiling 1 Scala source to C:\Users\ahmed\git\BST_C-_JavaScript_Scala\MainProjects\scala-project\target\scala-2.13\classes ...[0m
[0m[[0m[0mdebug[0m] [0m[0mjsonRpcNotify: JsonRpcNotificationMessage(2.0, build/logMessage, {"type":3,"message":"compiling 1 Scala source to C:\\Users\\ahmed\\git\\BST_C-_JavaScript_Scala\\MainProjects\\scala-project\\target\\scala-2.13\\classes ..."})[0m
[0m[[0m[33mwarn[0m] [0m[0m6 deprecations (since 2.13.0); re-run with -deprecation for details[0m
[0m[[0m[0mdebug[0m] [0m[0mjsonRpcNotify: JsonRpcNotificationMessage(2.0, build/logMessage, {"type":2,"message":"6 deprecations (since 2.13.0); re-run with -deprecation for details"})[0m
[0m[[0m[33mwarn[0m] [0m[0mone warning found[0m
[0m[[0m[0mdebug[0m] [0m[0mjsonRpcNotify: JsonRpcNotificationMessage(2.0, build/logMessage, {"type":2,"message":"one warning found"})[0m
[0m[[0m[0mdebug[0m] [0m[0mjsonRpcNotify: JsonRpcNotificationMessage(2.0, build/publishDiagnostics, {"textDocument":{"uri":"file:///C:/Users/ahmed/git/BST_C-_JavaScript_Scala/MainProjects/scala-project/src/main/scala/Main.scala"},"buildTarget":{"uri":"file:/C:/Users/ahmed/git/BST_C-_JavaScript_Scala/MainProjects/scala-project/#scala-project/Compile"},"diagnostics":[],"reset":true})[0m
[0m[[0m[0mdebug[0m] [0m[0mjsonRpcNotify: JsonRpcNotificationMessage(2.0, build/publishDiagnostics, {"textDocument":{"uri":"file:///C:/Users/ahmed/git/BST_C-_JavaScript_Scala/MainProjects/scala-project/src/main/scala/Fruit.scala"},"buildTarget":{"uri":"file:/C:/Users/ahmed/git/BST_C-_JavaScript_Scala/MainProjects/scala-project/#scala-project/Compile"},"diagnostics":[],"reset":true})[0m
[0m[[0m[0mdebug[0m] [0m[0mjsonRpcNotify: JsonRpcNotificationMessage(2.0, build/publishDiagnostics, {"textDocument":{"uri":"file:///C:/Users/ahmed/git/BST_C-_JavaScript_Scala/MainProjects/scala-project/src/main/scala/test.scala"},"buildTarget":{"uri":"file:/C:/Users/ahmed/git/BST_C-_JavaScript_Scala/MainProjects/scala-project/#scala-project/Compile"},"diagnostics":[],"reset":true})[0m
[0m[[0m[0mdebug[0m] [0m[0mjsonRpcNotify: JsonRpcNotificationMessage(2.0, build/publishDiagnostics, {"textDocument":{"uri":"file:///C:/Users/ahmed/git/BST_C-_JavaScript_Scala/MainProjects/scala-project/src/main/scala/Tree.scala"},"buildTarget":{"uri":"file:/C:/Users/ahmed/git/BST_C-_JavaScript_Scala/MainProjects/scala-project/#scala-project/Compile"},"diagnostics":[],"reset":true})[0m
[0m[[0m[0mdebug[0m] [0m[0mjsonRpcNotify: JsonRpcNotificationMessage(2.0, build/publishDiagnostics, {"textDocument":{"uri":"file:///C:/Users/ahmed/git/BST_C-_JavaScript_Scala/MainProjects/scala-project/src/main/scala/FruitBST.scala"},"buildTarget":{"uri":"file:/C:/Users/ahmed/git/BST_C-_JavaScript_Scala/MainProjects/scala-project/#scala-project/Compile"},"diagnostics":[],"reset":true})[0m
[0m[[0m[0mdebug[0m] [0m[0mjsonRpcNotify: JsonRpcNotificationMessage(2.0, build/taskFinish, {"taskId":{"id":"43","parents":[]},"eventTime":1623248654937,"message":"Compiled scala-project","status":1,"dataKind":"compile-report","data":{"target":{"uri":"file:/C:/Users/ahmed/git/BST_C-_JavaScript_Scala/MainProjects/scala-project/#scala-project/Compile"},"errors":0,"warnings":0,"time":190}})[0m
[0m[[0m[0mdebug[0m] [0m[0mjsonRpcNotify: JsonRpcNotificationMessage(2.0, build/taskStart, {"taskId":{"id":"44","parents":[]},"eventTime":1623248654961,"message":"Compiling scala-project-test","dataKind":"compile-task","data":{"target":{"uri":"file:/C:/Users/ahmed/git/BST_C-_JavaScript_Scala/MainProjects/scala-project/#scala-project/Test"}}})[0m
[0m[[0m[0mdebug[0m] [0m[0mjsonRpcNotify: JsonRpcNotificationMessage(2.0, build/taskFinish, {"taskId":{"id":"44","parents":[]},"eventTime":1623248654967,"message":"Compiled scala-project-test","status":1,"dataKind":"compile-report","data":{"target":{"uri":"file:/C:/Users/ahmed/git/BST_C-_JavaScript_Scala/MainProjects/scala-project/#scala-project/Test"},"errors":0,"warnings":0,"time":6}})[0m
[0m[[0m[32msuccess[0m] [0m[0mTotal time: 0 s, completed Jun 9, 2021, 4:24:14 PM[0m
[0m[[0m[0mdebug[0m] [0m[0munmatched Done event for requestId None: None[0m
[0m[[0m[0mdebug[0m] [0m[0m> Exec(collectAnalyses, None, Some(CommandSource(network-1)))[0m
[0m[[0m[0mdebug[0m] [0m[0munmatched Processing event for requestId None: None[0m
[0m[[0m[0mdebug[0m] [0m[0mEvaluating tasks: Compile / collectAnalyses[0m
[0m[[0m[0mdebug[0m] [0m[0mRunning task... Cancel: bloop.integrations.sbt.Offloader$$anon$1@1aef7428, check cycles: false, forcegc: true[0m
[0m[[0m[0mdebug[0m] [0m[0manalysis location (C:\Users\ahmed\git\BST_C-_JavaScript_Scala\MainProjects\scala-project\target\scala-2.13\zinc\inc_compile_2.13.zip,true)[0m
[0m[[0m[32msuccess[0m] [0m[0mTotal time: 0 s, completed Jun 9, 2021, 4:24:15 PM[0m
[0m[[0m[0mdebug[0m] [0m[0munmatched Done event for requestId None: None[0m
[0m[[0m[0mdebug[0m] [0m[0m> Exec(shell, None, None)[0m
