[0m[[0m[0mdebug[0m] [0m[0m> Exec(;Test/compile; collectAnalyses, None, Some(CommandSource(network-1)))[0m
[0m[[0m[0mdebug[0m] [0m[0munmatched Processing event for requestId None: None[0m
[0m[[0m[0mdebug[0m] [0m[0munmatched Done event for requestId None: None[0m
[0m[[0m[0mdebug[0m] [0m[0m> Exec(Test/compile, None, Some(CommandSource(network-1)))[0m
[0m[[0m[0mdebug[0m] [0m[0munmatched Processing event for requestId None: None[0m
[0m[[0m[0mdebug[0m] [0m[0mEvaluating tasks: Test / compile[0m
[0m[[0m[0mdebug[0m] [0m[0mRunning task... Cancel: bloop.integrations.sbt.Offloader$$anon$1@6fafbdac, check cycles: false, forcegc: true[0m
[0m[[0m[0mdebug[0m] [0m[0mjsonRpcNotify: JsonRpcNotificationMessage(2.0, build/taskStart, {"taskId":{"id":"39","parents":[]},"eventTime":1623243653442,"message":"Compiling scala-project","dataKind":"compile-task","data":{"target":{"uri":"file:/C:/Users/ahmed/git/BST_C-_JavaScript_Scala/MainProjects/scala-project/#scala-project/Compile"}}})[0m
[0m[[0m[0minfo[0m] [0m[0mcompiling 1 Scala source to C:\Users\ahmed\git\BST_C-_JavaScript_Scala\MainProjects\scala-project\target\scala-2.13\classes ...[0m
[0m[[0m[0mdebug[0m] [0m[0mjsonRpcNotify: JsonRpcNotificationMessage(2.0, build/logMessage, {"type":3,"message":"compiling 1 Scala source to C:\\Users\\ahmed\\git\\BST_C-_JavaScript_Scala\\MainProjects\\scala-project\\target\\scala-2.13\\classes ..."})[0m
[0m[[0m[33mwarn[0m] [0m[0m5 deprecations (since 2.13.0); re-run with -deprecation for details[0m
[0m[[0m[0mdebug[0m] [0m[0mjsonRpcNotify: JsonRpcNotificationMessage(2.0, build/logMessage, {"type":2,"message":"5 deprecations (since 2.13.0); re-run with -deprecation for details"})[0m
[0m[[0m[33mwarn[0m] [0m[0mone warning found[0m
[0m[[0m[0mdebug[0m] [0m[0mjsonRpcNotify: JsonRpcNotificationMessage(2.0, build/logMessage, {"type":2,"message":"one warning found"})[0m
[0m[[0m[0mdebug[0m] [0m[0mjsonRpcNotify: JsonRpcNotificationMessage(2.0, build/publishDiagnostics, {"textDocument":{"uri":"file:///C:/Users/ahmed/git/BST_C-_JavaScript_Scala/MainProjects/scala-project/src/main/scala/Main.scala"},"buildTarget":{"uri":"file:/C:/Users/ahmed/git/BST_C-_JavaScript_Scala/MainProjects/scala-project/#scala-project/Compile"},"diagnostics":[],"reset":true})[0m
[0m[[0m[0mdebug[0m] [0m[0mjsonRpcNotify: JsonRpcNotificationMessage(2.0, build/publishDiagnostics, {"textDocument":{"uri":"file:///C:/Users/ahmed/git/BST_C-_JavaScript_Scala/MainProjects/scala-project/src/main/scala/Fruit.scala"},"buildTarget":{"uri":"file:/C:/Users/ahmed/git/BST_C-_JavaScript_Scala/MainProjects/scala-project/#scala-project/Compile"},"diagnostics":[],"reset":true})[0m
[0m[[0m[0mdebug[0m] [0m[0mjsonRpcNotify: JsonRpcNotificationMessage(2.0, build/publishDiagnostics, {"textDocument":{"uri":"file:///C:/Users/ahmed/git/BST_C-_JavaScript_Scala/MainProjects/scala-project/src/main/scala/test.scala"},"buildTarget":{"uri":"file:/C:/Users/ahmed/git/BST_C-_JavaScript_Scala/MainProjects/scala-project/#scala-project/Compile"},"diagnostics":[],"reset":true})[0m
[0m[[0m[0mdebug[0m] [0m[0mjsonRpcNotify: JsonRpcNotificationMessage(2.0, build/publishDiagnostics, {"textDocument":{"uri":"file:///C:/Users/ahmed/git/BST_C-_JavaScript_Scala/MainProjects/scala-project/src/main/scala/Tree.scala"},"buildTarget":{"uri":"file:/C:/Users/ahmed/git/BST_C-_JavaScript_Scala/MainProjects/scala-project/#scala-project/Compile"},"diagnostics":[],"reset":true})[0m
[0m[[0m[0mdebug[0m] [0m[0mjsonRpcNotify: JsonRpcNotificationMessage(2.0, build/publishDiagnostics, {"textDocument":{"uri":"file:///C:/Users/ahmed/git/BST_C-_JavaScript_Scala/MainProjects/scala-project/src/main/scala/FruitBST.scala"},"buildTarget":{"uri":"file:/C:/Users/ahmed/git/BST_C-_JavaScript_Scala/MainProjects/scala-project/#scala-project/Compile"},"diagnostics":[],"reset":true})[0m
[0m[[0m[0mdebug[0m] [0m[0mjsonRpcNotify: JsonRpcNotificationMessage(2.0, build/taskFinish, {"taskId":{"id":"39","parents":[]},"eventTime":1623243653903,"message":"Compiled scala-project","status":1,"dataKind":"compile-report","data":{"target":{"uri":"file:/C:/Users/ahmed/git/BST_C-_JavaScript_Scala/MainProjects/scala-project/#scala-project/Compile"},"errors":0,"warnings":0,"time":461}})[0m
[0m[[0m[0mdebug[0m] [0m[0mjsonRpcNotify: JsonRpcNotificationMessage(2.0, build/taskStart, {"taskId":{"id":"40","parents":[]},"eventTime":1623243653957,"message":"Compiling scala-project-test","dataKind":"compile-task","data":{"target":{"uri":"file:/C:/Users/ahmed/git/BST_C-_JavaScript_Scala/MainProjects/scala-project/#scala-project/Test"}}})[0m
[0m[[0m[0mdebug[0m] [0m[0mjsonRpcNotify: JsonRpcNotificationMessage(2.0, build/taskFinish, {"taskId":{"id":"40","parents":[]},"eventTime":1623243653972,"message":"Compiled scala-project-test","status":1,"dataKind":"compile-report","data":{"target":{"uri":"file:/C:/Users/ahmed/git/BST_C-_JavaScript_Scala/MainProjects/scala-project/#scala-project/Test"},"errors":0,"warnings":0,"time":15}})[0m
[0m[[0m[32msuccess[0m] [0m[0mTotal time: 1 s, completed Jun 9, 2021, 3:00:54 PM[0m
[0m[[0m[0mdebug[0m] [0m[0munmatched Done event for requestId None: None[0m
[0m[[0m[0mdebug[0m] [0m[0m> Exec(collectAnalyses, None, Some(CommandSource(network-1)))[0m
[0m[[0m[0mdebug[0m] [0m[0munmatched Processing event for requestId None: None[0m
[0m[[0m[0mdebug[0m] [0m[0mEvaluating tasks: Compile / collectAnalyses[0m
[0m[[0m[0mdebug[0m] [0m[0mRunning task... Cancel: bloop.integrations.sbt.Offloader$$anon$1@1642968c, check cycles: false, forcegc: true[0m
[0m[[0m[0mdebug[0m] [0m[0manalysis location (C:\Users\ahmed\git\BST_C-_JavaScript_Scala\MainProjects\scala-project\target\scala-2.13\zinc\inc_compile_2.13.zip,true)[0m
[0m[[0m[32msuccess[0m] [0m[0mTotal time: 0 s, completed Jun 9, 2021, 3:00:54 PM[0m
[0m[[0m[0mdebug[0m] [0m[0munmatched Done event for requestId None: None[0m
[0m[[0m[0mdebug[0m] [0m[0m> Exec(shell, None, None)[0m
