[0m[[0m[0mdebug[0m] [0m[0m> Exec(;Test/compile; collectAnalyses, None, Some(CommandSource(network-1)))[0m
[0m[[0m[0mdebug[0m] [0m[0munmatched Processing event for requestId None: None[0m
[0m[[0m[0mdebug[0m] [0m[0munmatched Done event for requestId None: None[0m
[0m[[0m[0mdebug[0m] [0m[0m> Exec(Test/compile, None, Some(CommandSource(network-1)))[0m
[0m[[0m[0mdebug[0m] [0m[0munmatched Processing event for requestId None: None[0m
[0m[[0m[0mdebug[0m] [0m[0mEvaluating tasks: Test / compile[0m
[0m[[0m[0mdebug[0m] [0m[0mRunning task... Cancel: bloop.integrations.sbt.Offloader$$anon$1@456454e0, check cycles: false, forcegc: true[0m
[0m[[0m[0mdebug[0m] [0m[0mjsonRpcNotify: JsonRpcNotificationMessage(2.0, build/taskStart, {"taskId":{"id":"370","parents":[]},"eventTime":1623239302644,"message":"Compiling scala-project","dataKind":"compile-task","data":{"target":{"uri":"file:/C:/Users/ahmed/git/BST_C-_JavaScript_Scala/MainProjects/scala-project/#scala-project/Compile"}}})[0m
[0m[[0m[0mdebug[0m] [0m[0mjsonRpcNotify: JsonRpcNotificationMessage(2.0, build/publishDiagnostics, {"textDocument":{"uri":"file:///C:/Users/ahmed/git/BST_C-_JavaScript_Scala/MainProjects/scala-project/src/main/scala/Main.scala"},"buildTarget":{"uri":"file:/C:/Users/ahmed/git/BST_C-_JavaScript_Scala/MainProjects/scala-project/#scala-project/Compile"},"diagnostics":[],"reset":true})[0m
[0m[[0m[0mdebug[0m] [0m[0mjsonRpcNotify: JsonRpcNotificationMessage(2.0, build/publishDiagnostics, {"textDocument":{"uri":"file:///C:/Users/ahmed/git/BST_C-_JavaScript_Scala/MainProjects/scala-project/src/main/scala/Fruit.scala"},"buildTarget":{"uri":"file:/C:/Users/ahmed/git/BST_C-_JavaScript_Scala/MainProjects/scala-project/#scala-project/Compile"},"diagnostics":[],"reset":true})[0m
[0m[[0m[0mdebug[0m] [0m[0mjsonRpcNotify: JsonRpcNotificationMessage(2.0, build/publishDiagnostics, {"textDocument":{"uri":"file:///C:/Users/ahmed/git/BST_C-_JavaScript_Scala/MainProjects/scala-project/src/main/scala/test.scala"},"buildTarget":{"uri":"file:/C:/Users/ahmed/git/BST_C-_JavaScript_Scala/MainProjects/scala-project/#scala-project/Compile"},"diagnostics":[],"reset":true})[0m
[0m[[0m[0mdebug[0m] [0m[0mjsonRpcNotify: JsonRpcNotificationMessage(2.0, build/publishDiagnostics, {"textDocument":{"uri":"file:///C:/Users/ahmed/git/BST_C-_JavaScript_Scala/MainProjects/scala-project/src/main/scala/Tree.scala"},"buildTarget":{"uri":"file:/C:/Users/ahmed/git/BST_C-_JavaScript_Scala/MainProjects/scala-project/#scala-project/Compile"},"diagnostics":[],"reset":true})[0m
[0m[[0m[0mdebug[0m] [0m[0mjsonRpcNotify: JsonRpcNotificationMessage(2.0, build/publishDiagnostics, {"textDocument":{"uri":"file:///C:/Users/ahmed/git/BST_C-_JavaScript_Scala/MainProjects/scala-project/src/main/scala/FruitBST.scala"},"buildTarget":{"uri":"file:/C:/Users/ahmed/git/BST_C-_JavaScript_Scala/MainProjects/scala-project/#scala-project/Compile"},"diagnostics":[],"reset":true})[0m
[0m[[0m[0mdebug[0m] [0m[0mjsonRpcNotify: JsonRpcNotificationMessage(2.0, build/taskFinish, {"taskId":{"id":"370","parents":[]},"eventTime":1623239302658,"message":"Compiled scala-project","status":1,"dataKind":"compile-report","data":{"target":{"uri":"file:/C:/Users/ahmed/git/BST_C-_JavaScript_Scala/MainProjects/scala-project/#scala-project/Compile"},"errors":0,"warnings":0,"time":14}})[0m
[0m[[0m[0mdebug[0m] [0m[0mjsonRpcNotify: JsonRpcNotificationMessage(2.0, build/taskStart, {"taskId":{"id":"371","parents":[]},"eventTime":1623239302670,"message":"Compiling scala-project-test","dataKind":"compile-task","data":{"target":{"uri":"file:/C:/Users/ahmed/git/BST_C-_JavaScript_Scala/MainProjects/scala-project/#scala-project/Test"}}})[0m
[0m[[0m[0mdebug[0m] [0m[0mjsonRpcNotify: JsonRpcNotificationMessage(2.0, build/taskFinish, {"taskId":{"id":"371","parents":[]},"eventTime":1623239302679,"message":"Compiled scala-project-test","status":1,"dataKind":"compile-report","data":{"target":{"uri":"file:/C:/Users/ahmed/git/BST_C-_JavaScript_Scala/MainProjects/scala-project/#scala-project/Test"},"errors":0,"warnings":0,"time":9}})[0m
[0m[[0m[32msuccess[0m] [0m[0mTotal time: 0 s, completed Jun 9, 2021, 1:48:22 PM[0m
[0m[[0m[0mdebug[0m] [0m[0munmatched Done event for requestId None: None[0m
[0m[[0m[0mdebug[0m] [0m[0m> Exec(collectAnalyses, None, Some(CommandSource(network-1)))[0m
[0m[[0m[0mdebug[0m] [0m[0munmatched Processing event for requestId None: None[0m
[0m[[0m[0mdebug[0m] [0m[0mEvaluating tasks: Compile / collectAnalyses[0m
[0m[[0m[0mdebug[0m] [0m[0mRunning task... Cancel: bloop.integrations.sbt.Offloader$$anon$1@6c31b410, check cycles: false, forcegc: true[0m
[0m[[0m[0mdebug[0m] [0m[0manalysis location (C:\Users\ahmed\git\BST_C-_JavaScript_Scala\MainProjects\scala-project\target\scala-2.13\zinc\inc_compile_2.13.zip,true)[0m
[0m[[0m[32msuccess[0m] [0m[0mTotal time: 0 s, completed Jun 9, 2021, 1:48:22 PM[0m
[0m[[0m[0mdebug[0m] [0m[0munmatched Done event for requestId None: None[0m
[0m[[0m[0mdebug[0m] [0m[0m> Exec(shell, None, None)[0m
[0m[[0m[0mdebug[0m] [0m[0mForcing garbage collection...[0m
[0m[[0m[0mdebug[0m] [0m[0mUnhandled request received: shutdown: JsonRpcRequestMessage(2.0, ♨71, shutdown, null})[0m
